TN:
SF:script/DeployDSC.s.sol
DA:13,6
FN:13,DeployDSC.run
FNDA:6,DeployDSC.run
DA:14,6
DA:15,6
DA:16,6
DA:18,6
DA:19,6
DA:21,6
DA:23,6
DA:24,6
DA:26,6
DA:27,6
DA:28,6
FNF:1
FNH:1
LF:12
LH:12
BRF:0
BRH:0
end_of_record
TN:
SF:script/HelperConfig.s.sol
DA:24,6
FN:24,HelperConfig.constructor
FNDA:6,HelperConfig.constructor
DA:25,6
BRDA:25,0,0,-
BRDA:25,0,1,6
DA:26,0
DA:28,6
DA:32,0
FN:32,HelperConfig.getSepoliaEthConfig
FNDA:0,HelperConfig.getSepoliaEthConfig
DA:33,0
DA:42,6
FN:42,HelperConfig.getOrCreateAnvilConfig
FNDA:6,HelperConfig.getOrCreateAnvilConfig
DA:43,6
BRDA:43,1,0,-
DA:44,0
DA:47,6
DA:48,6
DA:50,6
DA:52,6
DA:54,6
DA:55,6
DA:57,6
FNF:3
FNH:2
LF:16
LH:12
BRF:3
BRH:1
end_of_record
TN:
SF:src/DSCEngine.sol
DA:91,0
FN:91,DSCEngine.moreThanZero
FNDA:0,DSCEngine.moreThanZero
DA:92,0
BRDA:92,0,0,-
DA:93,0
DA:98,2
FN:98,DSCEngine.isAllowedToken
FNDA:2,DSCEngine.isAllowedToken
DA:99,2
BRDA:99,1,0,1
DA:100,1
DA:108,7
FN:108,DSCEngine.constructor
FNDA:7,DSCEngine.constructor
DA:110,7
BRDA:110,2,0,1
DA:111,1
DA:113,6
DA:114,12
DA:115,12
DA:117,6
DA:129,0
FN:129,DSCEngine.depositCollateralAndMintDsc
FNDA:0,DSCEngine.depositCollateralAndMintDsc
DA:134,0
DA:135,0
DA:143,3
FN:143,DSCEngine.depositCollateral
FNDA:3,DSCEngine.depositCollateral
DA:149,1
DA:150,1
DA:152,1
DA:153,1
BRDA:153,3,0,-
DA:154,0
DA:156,1
DA:165,0
FN:165,DSCEngine.redeemCollateralForDsc
FNDA:0,DSCEngine.redeemCollateralForDsc
DA:168,0
DA:169,0
DA:177,0
FN:177,DSCEngine.redeemCollateral
FNDA:0,DSCEngine.redeemCollateral
DA:182,0
DA:183,0
DA:191,0
FN:191,DSCEngine.mintDsc
FNDA:0,DSCEngine.mintDsc
DA:192,0
DA:193,0
DA:194,0
DA:195,0
BRDA:195,4,0,-
DA:196,0
DA:200,0
FN:200,DSCEngine.burnDsc
FNDA:0,DSCEngine.burnDsc
DA:201,0
DA:202,0
DA:218,0
FN:218,DSCEngine.liquidate
FNDA:0,DSCEngine.liquidate
DA:224,0
DA:225,0
BRDA:225,5,0,-
DA:226,0
DA:230,0
DA:235,0
DA:236,0
DA:237,0
DA:239,0
DA:241,0
DA:242,0
BRDA:242,6,0,-
DA:243,0
DA:246,0
FN:246,DSCEngine.getHealthFactor
FNDA:0,DSCEngine.getHealthFactor
DA:259,0
FN:259,DSCEngine._burnDsc
FNDA:0,DSCEngine._burnDsc
DA:260,0
DA:261,0
DA:262,0
BRDA:262,7,0,-
DA:263,0
DA:265,0
DA:268,0
FN:268,DSCEngine._redeemCollateral
FNDA:0,DSCEngine._redeemCollateral
DA:271,0
DA:272,0
DA:273,0
DA:274,0
BRDA:274,8,0,-
DA:275,0
DA:280,2
FN:280,DSCEngine._getAccountInformation
FNDA:2,DSCEngine._getAccountInformation
DA:286,2
DA:289,2
DA:297,1
FN:297,DSCEngine._healthFactor
FNDA:1,DSCEngine._healthFactor
DA:300,1
DA:302,1
BRDA:302,9,0,1
DA:303,1
DA:305,0
DA:306,0
DA:312,1
FN:312,DSCEngine._revertIfHealthFactorIsBroken
FNDA:1,DSCEngine._revertIfHealthFactorIsBroken
DA:313,1
DA:314,1
BRDA:314,10,0,-
DA:315,0
DA:322,2
FN:322,DSCEngine.getTokenAmountFromUsd
FNDA:2,DSCEngine.getTokenAmountFromUsd
DA:323,2
DA:324,2
DA:325,2
BRDA:325,11,0,-
BRDA:325,11,1,2
DA:326,2
DA:328,2
DA:331,0
FN:331,DSCEngine.getAccountCollateralValue
FNDA:0,DSCEngine.getAccountCollateralValue
DA:333,2
DA:334,4
DA:335,4
DA:336,4
DA:338,0
DA:341,1
FN:341,DSCEngine.getUsdValue
FNDA:1,DSCEngine.getUsdValue
DA:342,5
DA:343,5
DA:344,5
BRDA:344,12,0,-
BRDA:344,12,1,5
DA:345,5
DA:347,5
DA:350,1
FN:350,DSCEngine.getAccountInformation
FNDA:1,DSCEngine.getAccountInformation
DA:351,1
FNF:20
FNH:9
LF:96
LH:44
BRF:15
BRH:5
end_of_record
TN:
SF:src/DecentralizedStableCoin.sol
DA:45,0
FN:45,DecentralizedStableCoin.burn
FNDA:0,DecentralizedStableCoin.burn
DA:46,0
DA:47,0
BRDA:47,0,0,-
DA:48,0
DA:50,0
BRDA:50,1,0,-
DA:51,0
DA:53,0
DA:56,0
FN:56,DecentralizedStableCoin.mint
FNDA:0,DecentralizedStableCoin.mint
DA:57,0
BRDA:57,2,0,-
DA:58,0
DA:60,0
BRDA:60,3,0,-
DA:61,0
DA:63,0
DA:64,0
FNF:2
FNH:0
LF:14
LH:0
BRF:4
BRH:0
end_of_record
TN:
SF:test/mocks/MockV3Aggregator.sol
DA:24,12
FN:24,MockV3Aggregator.constructor
FNDA:12,MockV3Aggregator.constructor
DA:25,12
DA:26,12
DA:29,12
FN:29,MockV3Aggregator.updateAnswer
FNDA:12,MockV3Aggregator.updateAnswer
DA:30,12
DA:31,12
DA:32,12
DA:33,12
DA:34,12
DA:35,12
DA:38,0
FN:38,MockV3Aggregator.updateRoundData
FNDA:0,MockV3Aggregator.updateRoundData
DA:39,0
DA:40,0
DA:41,0
DA:42,0
DA:43,0
DA:44,0
DA:47,0
FN:47,MockV3Aggregator.getRoundData
FNDA:0,MockV3Aggregator.getRoundData
DA:52,0
DA:55,7
FN:55,MockV3Aggregator.latestRoundData
FNDA:7,MockV3Aggregator.latestRoundData
DA:60,7
DA:69,0
FN:69,MockV3Aggregator.description
FNDA:0,MockV3Aggregator.description
DA:70,0
FNF:6
FNH:3
LF:23
LH:12
BRF:0
BRH:0
end_of_record
